<?xml version="1.0" encoding="UTF-8"?>
<testng-results ignored="0" total="1" passed="1" failed="0" skipped="0">
  <reporter-output>
  </reporter-output>
  <suite started-at="2025-04-03T09:20:22 IST" name="Default suite" finished-at="2025-04-03T09:20:34 IST" duration-ms="12026">
    <groups>
    </groups>
    <test started-at="2025-04-03T09:20:22 IST" name="Default test" finished-at="2025-04-03T09:20:34 IST" duration-ms="12026">
      <class name="reporting.ExtentReport">
        <test-method is-config="true" signature="extentInit()[pri:0, instance:reporting.ExtentReport@175c2241]" started-at="2025-04-03T09:20:22 IST" name="extentInit" finished-at="2025-04-03T09:20:22 IST" duration-ms="185" status="PASS">
          <reporter-output>
          </reporter-output>
        </test-method> <!-- extentInit -->
        <test-method is-config="true" signature="setUp()[pri:0, instance:reporting.ExtentReport@175c2241]" started-at="2025-04-03T09:20:22 IST" name="setUp" finished-at="2025-04-03T09:20:33 IST" duration-ms="11246" status="PASS">
          <reporter-output>
          </reporter-output>
        </test-method> <!-- setUp -->
        <test-method signature="titleTest()[pri:0, instance:reporting.ExtentReport@175c2241]" started-at="2025-04-03T09:20:33 IST" name="titleTest" finished-at="2025-04-03T09:20:33 IST" duration-ms="142" status="PASS">
          <reporter-output>
          </reporter-output>
        </test-method> <!-- titleTest -->
        <test-method is-config="true" signature="tearDown()[pri:0, instance:reporting.ExtentReport@175c2241]" started-at="2025-04-03T09:20:33 IST" name="tearDown" finished-at="2025-04-03T09:20:33 IST" duration-ms="181" status="PASS">
          <reporter-output>
          </reporter-output>
        </test-method> <!-- tearDown -->
        <test-method is-config="true" signature="endReport()[pri:0, instance:reporting.ExtentReport@175c2241]" started-at="2025-04-03T09:20:33 IST" name="endReport" finished-at="2025-04-03T09:20:34 IST" duration-ms="240" status="PASS">
          <reporter-output>
          </reporter-output>
        </test-method> <!-- endReport -->
      </class> <!-- reporting.ExtentReport -->
    </test> <!-- Default test -->
  </suite> <!-- Default suite -->
</testng-results>
